number,value,datetime_start,datetime_complete,duration,params_learning_rate,params_max_depth,params_min_child_samples,params_num_leaves,params_reg_lambda,user_attrs_best_iteration,user_attrs_valid_mae,user_attrs_valid_r2,state
0,0.5701481905421105,2026-05-27 00:50:24.870042,2026-05-27 00:50:30.220981,0 days 00:00:05.350939,0.038052091892039265,12,124,58,2.8257520714515276e-07,99,0.4297285212222514,0.46319719165442386,COMPLETE
1,0.5699328401850754,2026-05-27 00:50:30.221038,2026-05-27 00:50:32.174175,0 days 00:00:01.953137,0.05520138953395545,3,124,33,0.03853046809773397,153,0.4328870191968633,0.46360262605417557,COMPLETE
2,0.5716215758834132,2026-05-27 00:50:32.174249,2026-05-27 00:50:34.192355,0 days 00:00:02.018106,0.05027253932873333,12,50,18,4.910881717782746e-07,64,0.4361501074837274,0.4604191793681469,COMPLETE
3,0.5781247971281045,2026-05-27 00:50:34.192515,2026-05-27 00:50:40.902395,0 days 00:00:06.709880,0.02142099844547284,6,92,36,5.113649633234538e-06,189,0.43967405732026754,0.44807194032932784,COMPLETE
4,0.5715117299980151,2026-05-27 00:50:40.902581,2026-05-27 00:50:47.724286,0 days 00:00:06.821705,0.011239505740409895,4,79,85,0.00017455030150754618,399,0.43493253305214097,0.460626536964832,COMPLETE
5,0.5681261209076163,2026-05-27 00:50:47.724357,2026-05-27 00:50:53.100778,0 days 00:00:05.376421,0.02080510765641852,4,123,104,2.7041867594649292e-08,329,0.43183294896824054,0.4669980555712685,COMPLETE
6,0.5706050512337154,2026-05-27 00:50:53.100914,2026-05-27 00:51:05.604187,0 days 00:00:12.503273,0.005988250057822247,4,191,84,9.580154309406542,864,0.4336147226242781,0.46233656501875553,COMPLETE
7,0.5834832970710703,2026-05-27 00:51:05.604274,2026-05-27 00:51:22.018550,0 days 00:00:16.414276,0.006555094372947843,6,140,107,0.00012412851132984423,659,0.44548039210768664,0.4377931468931783,COMPLETE
8,0.5723602810401874,2026-05-27 00:51:22.018651,2026-05-27 00:51:41.066886,0 days 00:00:19.048235,0.005500192756455945,7,183,29,2.5522333020957386e-06,823,0.43384363700215806,0.4590236803152906,COMPLETE
9,0.5845375850447603,2026-05-27 00:51:41.066950,2026-05-27 00:51:47.008643,0 days 00:00:05.941693,0.021144348148283282,6,114,90,5.240066948417568e-07,196,0.4472076393447944,0.4357596236615233,COMPLETE
10,0.6078346946900044,2026-05-27 00:51:47.008699,2026-05-27 00:52:12.196384,0 days 00:00:25.187685,0.01212382846829067,9,13,126,1.364552315732065e-08,296,0.46714672844784744,0.38988704087018944,COMPLETE
11,0.5661794716999781,2026-05-27 00:52:12.196766,2026-05-27 00:52:13.161766,0 days 00:00:00.965000,0.07499122240953424,3,152,54,0.07377889058652659,90,0.42956964009518067,0.47064439462708385,COMPLETE
12,0.5730441071474952,2026-05-27 00:52:13.161809,2026-05-27 00:52:14.295197,0 days 00:00:01.133388,0.07039449991502254,3,150,55,0.06997029952982471,126,0.4380784125721001,0.4577302477280645,COMPLETE
13,0.5657371446600399,2026-05-27 00:52:14.295251,2026-05-27 00:52:17.490486,0 days 00:00:03.195235,0.030977490065704404,9,165,62,0.06629762044029947,126,0.4257052982347699,0.4714711884112408,COMPLETE
14,0.5652243956098472,2026-05-27 00:52:17.490530,2026-05-27 00:52:19.951861,0 days 00:00:02.461331,0.03306134565884291,9,164,59,0.06589164250439457,110,0.425123000514837,0.47242880570296575,COMPLETE
15,0.5735437420846365,2026-05-27 00:52:19.951909,2026-05-27 00:52:23.473741,0 days 00:00:03.521832,0.03238793743565482,10,171,69,4.398394644307883,127,0.43249611010567396,0.45678422970037036,COMPLETE
16,0.5644820917288728,2026-05-27 00:52:23.473978,2026-05-27 00:52:26.543841,0 days 00:00:03.069863,0.03107800378176336,9,200,66,0.006031903758378869,135,0.4249610353228665,0.47381360435583353,COMPLETE
17,0.5735515659240996,2026-05-27 00:52:26.543890,2026-05-27 00:52:29.910639,0 days 00:00:03.366749,0.01422873355512095,10,200,43,0.002971044665199841,279,0.433093199232252,0.45676940934175914,COMPLETE
18,0.568008177341979,2026-05-27 00:52:29.910676,2026-05-27 00:52:31.738629,0 days 00:00:01.827953,0.041490712109216135,8,174,74,0.0067704577480804905,99,0.4273178199683913,0.46721933610097266,COMPLETE
19,0.5757405096872743,2026-05-27 00:52:31.738668,2026-05-27 00:52:33.815047,0 days 00:00:02.076379,0.02811985974869723,11,190,46,1.0625640627132025,132,0.4376037355723969,0.45261504774572114,COMPLETE
20,0.5762714596794631,2026-05-27 00:52:33.815086,2026-05-27 00:52:37.888147,0 days 00:00:04.073061,0.014427136732192309,8,71,74,0.0009697018415575191,278,0.43578454496041874,0.4516049814289901,COMPLETE
21,0.5664369272093862,2026-05-27 00:52:37.888185,2026-05-27 00:52:40.233756,0 days 00:00:02.345571,0.028030147222379814,9,165,66,0.7015508850944255,139,0.42557656436562613,0.4701628635578219,COMPLETE
22,0.5687121414721426,2026-05-27 00:52:40.233794,2026-05-27 00:52:43.214884,0 days 00:00:02.981090,0.027906392383355988,9,158,61,0.013212529373252556,137,0.428431965160345,0.46589790832223044,COMPLETE
23,0.5667070207362814,2026-05-27 00:52:43.215034,2026-05-27 00:52:45.141991,0 days 00:00:01.926957,0.039745295970409183,10,200,48,0.34954811746468206,99,0.4255519601587184,0.46965745971697737,COMPLETE
24,0.5741464212794716,2026-05-27 00:52:45.142027,2026-05-27 00:52:47.042528,0 days 00:00:01.900501,0.05218462755640579,7,139,79,3.2095994161766714e-05,77,0.4341849860132893,0.4556420087087879,COMPLETE
25,0.5722955580972107,2026-05-27 00:52:47.042728,2026-05-27 00:52:52.449720,0 days 00:00:05.406992,0.017252244494009895,11,177,99,0.0011488732251263062,248,0.4325349253629426,0.4591460214384231,COMPLETE
26,0.5695165634169336,2026-05-27 00:52:52.449762,2026-05-27 00:52:54.470810,0 days 00:00:02.021048,0.033822033302402216,8,138,67,0.22423710760451596,113,0.43109038595185567,0.4643859050812199,COMPLETE
27,0.5786104662053534,2026-05-27 00:52:54.470844,2026-05-27 00:53:01.607846,0 days 00:00:07.137002,0.008807057226899269,9,161,91,0.01565103457473498,434,0.44071886632008206,0.44714422719236313,COMPLETE
28,0.5687643279090394,2026-05-27 00:53:01.608074,2026-05-27 00:53:05.415895,0 days 00:00:03.807821,0.025344918741361435,11,187,62,2.6459275009326433,161,0.42732786687627644,0.46579988275916007,COMPLETE
29,0.5741499821704579,2026-05-27 00:53:05.415932,2026-05-27 00:53:08.328865,0 days 00:00:02.912933,0.044508985857793816,12,100,52,0.004813502669389986,97,0.4339605342180106,0.4556352564051813,COMPLETE
30,0.5683021455283366,2026-05-27 00:53:08.328914,2026-05-27 00:53:10.615598,0 days 00:00:02.286684,0.034238413200551245,10,173,40,0.10804002943009938,102,0.42972662648545035,0.46666772047071947,COMPLETE
31,0.5707180352924063,2026-05-27 00:53:10.615677,2026-05-27 00:53:11.724863,0 days 00:00:01.109186,0.07866975746976831,7,150,58,0.04074565252366969,56,0.42826303887484535,0.4621236211929639,COMPLETE
32,0.5719587672861285,2026-05-27 00:53:11.724899,2026-05-27 00:53:13.094126,0 days 00:00:01.369227,0.06071549267054383,8,128,53,0.03284810902714524,54,0.43223187709203076,0.4597824095751125,COMPLETE
33,0.5732112278298983,2026-05-27 00:53:13.094162,2026-05-27 00:53:14.059410,0 days 00:00:00.965248,0.06518763997983547,5,152,30,0.15452763777246523,102,0.4359710406191755,0.45741391010368737,COMPLETE
34,0.5631132169583297,2026-05-27 00:53:14.059444,2026-05-27 00:53:15.609809,0 days 00:00:01.550365,0.04891485912694869,9,166,62,0.0012901899175363602,84,0.4219316436052447,0.4763625246671317,COMPLETE
35,0.5642489715068575,2026-05-27 00:53:15.609852,2026-05-27 00:53:17.288835,0 days 00:00:01.678983,0.047228817171968286,9,184,77,0.00040362188844661365,98,0.42382938323908076,0.4742481242886887,COMPLETE
36,0.5587786630898497,2026-05-27 00:53:17.288868,2026-05-27 00:53:18.997827,0 days 00:00:01.708959,0.04767900838150994,10,199,79,0.00020116039695574183,84,0.4179464276706691,0.48439287861623326,COMPLETE
37,0.5638340634361472,2026-05-27 00:53:18.997863,2026-05-27 00:53:20.585007,0 days 00:00:01.587144,0.04953029094452552,10,196,79,2.942706446695173e-05,78,0.42499922480836433,0.4750210401669227,COMPLETE
38,0.5633416692075267,2026-05-27 00:53:20.585038,2026-05-27 00:53:22.731402,0 days 00:00:02.146364,0.050263127935370695,12,180,80,2.468656299751474e-05,70,0.4223380927711229,0.47593756421061584,COMPLETE
39,0.5610504660145127,2026-05-27 00:53:22.731436,2026-05-27 00:53:24.529530,0 days 00:00:01.798094,0.05436070694059609,12,190,84,2.6764646218808008e-05,74,0.42117042606632576,0.4801917914456345,COMPLETE
40,0.5631295924830723,2026-05-27 00:53:24.529563,2026-05-27 00:53:26.339092,0 days 00:00:01.809529,0.05837150233763344,12,180,97,8.682115368169734e-06,64,0.42286782080302376,0.47633206911093173,COMPLETE
41,0.5623707314600593,2026-05-27 00:53:26.339124,2026-05-27 00:53:28.309246,0 days 00:00:01.970122,0.057559668053373425,12,181,99,8.308253904318215e-06,64,0.42198266633098963,0.47774248486338755,COMPLETE
42,0.5723675945702175,2026-05-27 00:53:28.309283,2026-05-27 00:53:29.912999,0 days 00:00:01.603716,0.06495620880089484,12,188,113,2.653511794930922e-06,60,0.4314910695194534,0.45900985520558935,COMPLETE
43,0.5645489316698178,2026-05-27 00:53:29.913032,2026-05-27 00:53:31.619917,0 days 00:00:01.706885,0.060648290075494334,11,179,92,0.00010667145645985648,56,0.42361874244420233,0.47368898623111344,COMPLETE
44,0.584983537723647,2026-05-27 00:53:31.619952,2026-05-27 00:53:33.796921,0 days 00:00:02.176969,0.05878508494719615,12,20,100,1.7160973839152252e-07,60,0.4413365458837298,0.4348983599963624,COMPLETE
45,0.5690033253851158,2026-05-27 00:53:33.796954,2026-05-27 00:53:35.420163,0 days 00:00:01.623209,0.054479859063034555,11,192,112,9.32122389082148e-06,67,0.428603428761044,0.4653508415736787,COMPLETE
46,0.5676238276012766,2026-05-27 00:53:35.420196,2026-05-27 00:53:37.654069,0 days 00:00:02.233873,0.03763386196522124,12,169,86,8.260109811955864e-07,102,0.42732603823644866,0.46794011737392827,COMPLETE
47,0.5857606779480441,2026-05-27 00:53:37.654105,2026-05-27 00:53:41.043894,0 days 00:00:03.389789,0.06857145774098908,11,59,97,0.0001032367370587796,59,0.4467288130226668,0.4333959077144073,COMPLETE
48,0.5719235913806043,2026-05-27 00:53:41.044043,2026-05-27 00:53:43.448160,0 days 00:00:02.404117,0.0436477849680394,12,182,119,1.4040251027249827e-07,99,0.4341233805179645,0.4598488551291331,COMPLETE
49,0.5650099492979221,2026-05-27 00:53:43.448196,2026-05-27 00:53:46.646059,0 days 00:00:03.197863,0.03768678618449818,11,128,106,8.851804154180535e-06,114,0.4243162252952091,0.4728290511131571,COMPLETE
