number,value,datetime_start,datetime_complete,duration,params_colsample_bytree,params_learning_rate,params_max_depth,params_min_child_weight,params_subsample,user_attrs_best_iteration,user_attrs_valid_mae,user_attrs_valid_r2,state
0,0.6578637259942233,2026-05-27 00:45:32.238723,2026-05-27 00:45:33.976099,0 days 00:00:01.737376,0.6624074561769746,0.06978211022792681,5,9.051933359925457,0.8394633936788146,56,0.5216038720891876,0.31825623216329757,COMPLETE
1,0.6319473874375617,2026-05-27 00:45:33.976137,2026-05-27 00:45:44.990399,0 days 00:00:11.014262,0.8832290311184182,0.00587367134539713,4,10.527937603524286,0.8404460046972835,891,0.5036818230027519,0.37091237644465236,COMPLETE
2,0.6201398170042679,2026-05-27 00:45:44.990448,2026-05-27 00:45:46.897787,0 days 00:00:01.907339,0.6727299868828402,0.07359661480116786,3,10.156869048804639,0.6849356442713105,91,0.4830392896308763,0.39420103201151135,COMPLETE
3,0.6387875641250061,2026-05-27 00:45:46.897827,2026-05-27 00:45:52.203585,0 days 00:00:05.305758,0.7164916560792167,0.011622891098010615,4,6.772320747954616,0.7727780074568463,369,0.5103260469690997,0.35722022824940924,COMPLETE
4,0.740499922519764,2026-05-27 00:45:52.203637,2026-05-27 00:46:01.698281,0 days 00:00:09.494644,0.7824279936868144,0.007361009011511541,7,4.2135911338874,0.7465447373174766,463,0.6005165038727195,0.13622758515106081,COMPLETE
5,0.7111888746055183,2026-05-27 00:46:01.698381,2026-05-27 00:46:13.934363,0 days 00:00:12.235982,0.6185801650879991,0.008697635342236233,9,6.6565788225497275,0.836965827544817,465,0.5747853633698725,0.20325526187003917,COMPLETE
6,0.7300833101592771,2026-05-27 00:46:13.934408,2026-05-27 00:46:23.916884,0 days 00:00:09.982476,0.9862528132298237,0.008022348220849585,7,1.7155675228380747,0.9795542149013333,442,0.5922539192398842,0.16035803444850272,COMPLETE
7,0.7991279959079333,2026-05-27 00:46:23.916927,2026-05-27 00:46:34.597780,0 days 00:00:10.680853,0.7760609974958405,0.01163486988336814,9,2.0743932540702223,0.8736932106048627,258,0.649970970912676,-0.005962952404261701,COMPLETE
8,0.6195468550864813,2026-05-27 00:46:34.597889,2026-05-27 00:46:41.192666,0 days 00:00:06.594777,0.7035119926400067,0.0197343313857243,3,1.3782737322674024,0.9637281608315128,403,0.4864953148807655,0.39535897727334035,COMPLETE
9,0.7076016556215018,2026-05-27 00:46:41.192788,2026-05-27 00:46:53.019419,0 days 00:00:11.826631,0.6739417822102108,0.01186608731937191,8,6.720748232955919,0.8186841117373118,309,0.5698241743173273,0.21127251260221214,COMPLETE
10,0.64059314148098,2026-05-27 00:46:53.019553,2026-05-27 00:46:58.094322,0 days 00:00:05.074769,0.8607466203112715,0.034556420129519864,5,3.8254562712036217,0.9819874935199754,152,0.5089455760622263,0.3535813695486081,COMPLETE
11,0.6180657936075447,2026-05-27 00:46:58.094370,2026-05-27 00:47:03.323310,0 days 00:00:05.228940,0.7195978302306094,0.025967325594016998,3,11.727532325563697,0.6159269215693287,247,0.48321494418468314,0.3982463783986957,COMPLETE
12,0.6151147250745791,2026-05-27 00:47:03.323365,2026-05-27 00:47:10.329555,0 days 00:00:07.006190,0.7370063974951027,0.023523437912193065,3,11.480630256360437,0.6207151036248222,252,0.4797759252532936,0.4039790260085384,COMPLETE
13,0.6444503693760082,2026-05-27 00:47:10.329888,2026-05-27 00:47:17.751200,0 days 00:00:07.421312,0.7550376816255844,0.02745600768360061,5,11.979450419706875,0.6018563471951034,155,0.5108760884234574,0.34577332239583913,COMPLETE
14,0.6136033671064484,2026-05-27 00:47:17.752471,2026-05-27 00:47:22.754541,0 days 00:00:05.002070,0.8510571781023799,0.038620919345251366,3,11.9419616065833,0.6108126927153555,166,0.4781855308096952,0.4069043157537211,COMPLETE
15,0.6911031115292913,2026-05-27 00:47:22.754603,2026-05-27 00:47:26.553344,0 days 00:00:03.798741,0.8406595425403995,0.04602462857017953,6,8.657596123207991,0.675013052573347,68,0.5535607323068484,0.24762389845294475,COMPLETE
16,0.6410946527476373,2026-05-27 00:47:26.553466,2026-05-27 00:47:30.095648,0 days 00:00:03.542182,0.9238315673412459,0.047001084945963396,4,8.682434927724554,0.663684697267392,84,0.507940258954989,0.35256882943369716,COMPLETE
17,0.7036428487782272,2026-05-27 00:47:30.095704,2026-05-27 00:47:45.524794,0 days 00:00:15.429090,0.8174731766705953,0.01674443111887085,10,10.519220566191914,0.7220156837333992,242,0.5689742886727696,0.22007318534140052,COMPLETE
18,0.7309601306133487,2026-05-27 00:47:45.525136,2026-05-27 00:47:56.497579,0 days 00:00:10.972443,0.9230788562073386,0.0401793353549923,6,5.223855769404074,0.6380434947104968,87,0.5974480729698279,0.15834002545786297,COMPLETE
19,0.619595582060429,2026-05-27 00:47:56.499885,2026-05-27 00:48:19.871954,0 days 00:00:23.372069,0.912415457654784,0.02710017381076488,3,9.741099005232977,0.7061374679961017,230,0.48640262648669186,0.39526386425414883,COMPLETE
20,0.6320760915845944,2026-05-27 00:48:19.872339,2026-05-27 00:48:26.747478,0 days 00:00:06.875139,0.6018960478612356,0.05470638734669005,4,7.701859518315638,0.6444010207356397,68,0.49846788264779807,0.370656106911756,COMPLETE
21,0.615606907672975,2026-05-27 00:48:26.747623,2026-05-27 00:48:37.935128,0 days 00:00:11.187505,0.7437376927799277,0.027565070862238233,3,11.947044206437894,0.602160864917581,247,0.4805289498695655,0.4030248348574209,COMPLETE
22,0.6137423810787747,2026-05-27 00:48:37.935260,2026-05-27 00:48:45.761722,0 days 00:00:07.826462,0.7482889035967546,0.03248474653875419,3,11.236661041807332,0.6036110435552614,202,0.4772211869315024,0.4066355495410052,COMPLETE
23,0.6271564173133544,2026-05-27 00:48:45.761807,2026-05-27 00:48:55.456714,0 days 00:00:09.694907,0.7957990494243494,0.03362169082013685,4,10.983522407877157,0.6418322062433901,156,0.4926307748265787,0.3804147980322935,COMPLETE
24,0.6559511240598108,2026-05-27 00:48:55.456857,2026-05-27 00:49:04.588648,0 days 00:00:09.131791,0.8260215806250838,0.02001774858953325,5,11.104195318107836,0.9183471047574292,136,0.5289071412862294,0.3222145262057201,COMPLETE
25,0.6153830005926346,2026-05-27 00:49:04.588708,2026-05-27 00:49:16.095422,0 days 00:00:11.506714,0.7470108756067242,0.016898310552027306,3,9.771226317552948,0.713733088667422,407,0.4800609146165793,0.4034590166577925,COMPLETE
26,0.6219496291208135,2026-05-27 00:49:16.095765,2026-05-27 00:49:19.322542,0 days 00:00:03.226777,0.8704439901788261,0.05422548702897085,4,11.041641267578184,0.6302767923328755,74,0.4923240012265003,0.3906599526615002,COMPLETE
27,0.6251086119137983,2026-05-27 00:49:19.322612,2026-05-27 00:49:26.861278,0 days 00:00:07.538666,0.9584141075225997,0.02177069718901496,3,7.884058214074395,0.7753809871565525,311,0.49210906995036524,0.3844543596033724,COMPLETE
28,0.6857700864292227,2026-05-27 00:49:26.861338,2026-05-27 00:49:31.416844,0 days 00:00:04.555506,0.8069410260856268,0.03368211991603318,6,9.29769026235403,0.6669321646258247,110,0.558249073500239,0.2591907954820162,COMPLETE
29,0.68776976642717,2026-05-27 00:49:31.416902,2026-05-27 00:49:34.792882,0 days 00:00:03.375980,0.6411040632567984,0.059262160803879374,5,7.753148869963939,0.6952497451049324,64,0.5497086599454966,0.2548641524734865,COMPLETE
30,0.6266275440662372,2026-05-27 00:49:34.792967,2026-05-27 00:49:44.304984,0 days 00:00:09.512017,0.7065916059622793,0.014849583042344154,4,11.250981401840335,0.7330299904641558,361,0.493096169886138,0.3814593344939613,COMPLETE
31,0.6207354652332404,2026-05-27 00:49:44.305572,2026-05-27 00:49:55.359377,0 days 00:00:11.053805,0.7514553054794688,0.015509651698447214,3,9.485584161043379,0.660728901282166,486,0.4857901358171198,0.39303672561307756,COMPLETE
32,0.6196511177731477,2026-05-27 00:49:55.360383,2026-05-27 00:50:03.104667,0 days 00:00:07.744284,0.7715604508021663,0.022787957261439156,3,10.15177398338842,0.6226277866342408,295,0.48530882977643797,0.3951554517399155,COMPLETE
33,0.6203983509411861,2026-05-27 00:50:03.104722,2026-05-27 00:50:06.514258,0 days 00:00:03.409536,0.7378104001005912,0.03899199920562018,4,10.215256545471467,0.7036874406105826,131,0.48470475686519887,0.39369581613942417,COMPLETE
34,0.6232608607347934,2026-05-27 00:50:06.514316,2026-05-27 00:50:12.614824,0 days 00:00:06.100508,0.6811404589794745,0.01892678601481233,3,11.378694270564642,0.6018740321110896,368,0.4880336098992774,0.3880879496201469,COMPLETE
35,0.6604433633190475,2026-05-27 00:50:12.614874,2026-05-27 00:50:14.680890,0 days 00:00:02.066016,0.8935983154102398,0.06685191144341983,5,10.632487136344615,0.7465510608965814,43,0.5271078232279678,0.3128991965286172,COMPLETE
36,0.6292382734020682,2026-05-27 00:50:14.680936,2026-05-27 00:50:33.392438,0 days 00:00:18.711502,0.8444088594197429,0.005458160113561791,4,10.438134415636846,0.6498028123214887,1067,0.4978237379596564,0.3762945240766967,COMPLETE
37,0.6212786418082394,2026-05-27 00:50:33.392730,2026-05-27 00:50:42.845768,0 days 00:00:09.453038,0.7291524732632929,0.01362357851601918,3,9.719423872725764,0.7864843634191178,473,0.48758146323739826,0.3919740105004992,COMPLETE
38,0.6300915653781298,2026-05-27 00:50:42.845921,2026-05-27 00:50:56.966347,0 days 00:00:14.120426,0.7858211250351562,0.009390377166624587,4,5.61515323563649,0.6878011096018731,642,0.5017354407340662,0.37460179891018275,COMPLETE
39,0.6216308784444217,2026-05-27 00:50:56.966399,2026-05-27 00:51:02.874481,0 days 00:00:05.908082,0.6996394656575948,0.030969030734479246,3,8.876319552112061,0.6233695901856035,263,0.48556260797269446,0.39128436908401065,COMPLETE
40,0.6824412389500675,2026-05-27 00:51:02.874539,2026-05-27 00:51:09.410929,0 days 00:00:06.536390,0.7595306406405192,0.02358438920724772,8,11.570906634382585,0.7168053227052837,155,0.5423151338080865,0.26636537368454005,COMPLETE
41,0.6176622880903402,2026-05-27 00:51:09.410979,2026-05-27 00:51:13.697577,0 days 00:00:04.286598,0.7401030777838226,0.040263060111944485,3,11.7640944307528,0.6203105198661387,157,0.4819492925682087,0.3990318340865078,COMPLETE
42,0.6109189290197822,2026-05-27 00:51:13.697636,2026-05-27 00:51:19.287948,0 days 00:00:05.590312,0.6523872519095065,0.029377364462369326,3,11.837285223273007,0.6006368368551744,256,0.47513762507792734,0.4120824032513388,COMPLETE
43,0.6270785057411771,2026-05-27 00:51:19.288013,2026-05-27 00:51:26.638269,0 days 00:00:07.350256,0.6437476001425967,0.01775759909458311,4,10.827009349871588,0.6513970892829379,317,0.4942691493294445,0.3805687304720635,COMPLETE
44,0.6166418961463974,2026-05-27 00:51:26.638341,2026-05-27 00:51:31.816946,0 days 00:00:05.178605,0.6935749586793393,0.030719222558185398,3,11.352811991860339,0.7514948252070098,229,0.48020741378262244,0.401015819697241,COMPLETE
45,0.6195745321026689,2026-05-27 00:51:31.817102,2026-05-27 00:51:36.598342,0 days 00:00:04.781240,0.6467514561376457,0.02471653116678551,3,2.8486281218704956,0.6790099269007881,225,0.4843128475202523,0.39530495381077246,COMPLETE
46,0.6319520717090462,2026-05-27 00:51:36.598391,2026-05-27 00:51:40.142375,0 days 00:00:03.543984,0.6623425122185416,0.04461739989743028,4,9.954376740066841,0.8595849191581006,129,0.49665405665918017,0.3709030502627696,COMPLETE
47,0.6186148981847867,2026-05-27 00:51:40.142427,2026-05-27 00:51:45.238441,0 days 00:00:05.096014,0.7174392185583552,0.03014889004804416,3,10.717292858648745,0.6022964373648179,253,0.4826790114161198,0.3971766785366946,COMPLETE
48,0.6535973720797528,2026-05-27 00:51:45.238495,2026-05-27 00:51:59.415583,0 days 00:00:14.177088,0.6198268397284546,0.006581727943571772,5,8.259125009963524,0.618526084070354,709,0.5240952843420619,0.3270699996158042,COMPLETE
49,0.693788321009332,2026-05-27 00:51:59.415644,2026-05-27 00:52:05.129173,0 days 00:00:05.713529,0.7993938348266427,0.037068024735183065,7,11.817257263525784,0.637112336465103,135,0.5535852740041608,0.24176598169538566,COMPLETE
