number,value,datetime_start,datetime_complete,duration,params_colsample_bytree,params_learning_rate,params_max_depth,params_min_child_weight,params_subsample,user_attrs_best_iteration,user_attrs_valid_mae,user_attrs_valid_r2,state
0,0.6543055969918486,2026-05-31 21:24:34.941006,2026-05-31 21:24:36.170259,0 days 00:00:01.229253,0.6624074561769746,0.06978211022792681,5,9.051933359925457,0.8394633936788146,64,0.44536088973024107,0.8924970650379096,COMPLETE
1,0.6498184850292368,2026-05-31 21:24:36.170298,2026-05-31 21:24:45.971021,0 days 00:00:09.800723,0.8832290311184182,0.00587367134539713,4,10.527937603524286,0.8404460046972835,1172,0.4396213979580454,0.8939664814000382,COMPLETE
2,0.6483021378134154,2026-05-31 21:24:45.971065,2026-05-31 21:24:47.642287,0 days 00:00:01.671222,0.6727299868828402,0.07359661480116786,3,10.156869048804639,0.6849356442713105,145,0.438001859826623,0.8944607610816215,COMPLETE
3,0.649857398877788,2026-05-31 21:24:47.642325,2026-05-31 21:24:52.805135,0 days 00:00:05.162810,0.7164916560792167,0.011622891098010615,4,6.772320747954616,0.7727780074568463,557,0.4397415367140709,0.8939537815586965,COMPLETE
4,0.6595397116084754,2026-05-31 21:24:52.805184,2026-05-31 21:25:02.327897,0 days 00:00:09.522713,0.7824279936868144,0.007361009011511541,7,4.2135911338874,0.7465447373174766,684,0.4534355907973835,0.8907702472494571,COMPLETE
5,0.6617264663503649,2026-05-31 21:25:02.327945,2026-05-31 21:25:12.650156,0 days 00:00:10.322211,0.6185801650879991,0.008697635342236233,9,6.6565788225497275,0.836965827544817,542,0.45718297178355355,0.8900447271549065,COMPLETE
6,0.6677100849783416,2026-05-31 21:25:12.650204,2026-05-31 21:25:24.756844,0 days 00:00:12.106640,0.9862528132298237,0.008022348220849585,7,1.7155675228380747,0.9795542149013333,508,0.4602499515274402,0.8880472097545745,COMPLETE
7,0.6673367547409682,2026-05-31 21:25:24.757226,2026-05-31 21:25:40.194440,0 days 00:00:15.437214,0.7760609974958405,0.01163486988336814,9,2.0743932540702223,0.8736932106048627,464,0.4640529280495232,0.8881723649031342,COMPLETE
8,0.649641039501949,2026-05-31 21:25:40.194513,2026-05-31 21:25:47.350142,0 days 00:00:07.155629,0.7035119926400067,0.0197343313857243,3,1.3782737322674024,0.9637281608315128,370,0.43874535241339396,0.8940243825066633,COMPLETE
9,0.6593878564199126,2026-05-31 21:25:47.350211,2026-05-31 21:26:00.645948,0 days 00:00:13.295737,0.6739417822102108,0.01186608731937191,8,6.720748232955919,0.8186841117373118,372,0.45383804484406015,0.8908205404914451,COMPLETE
10,0.6535358408696582,2026-05-31 21:26:00.646010,2026-05-31 21:26:04.253602,0 days 00:00:03.607592,0.8607466203112715,0.06638517663994345,5,11.664908218666524,0.6118421668094784,83,0.44459589419677126,0.8927498593486909,COMPLETE
11,0.6501358147668759,2026-05-31 21:26:04.253661,2026-05-31 21:26:11.972462,0 days 00:00:07.718801,0.7195978302306094,0.03005903707859257,3,4.1298922411083865,0.6777282877353366,334,0.43887683085705326,0.8938628961525344,COMPLETE
12,0.6495927727590805,2026-05-31 21:26:11.972596,2026-05-31 21:26:20.282984,0 days 00:00:08.310388,0.6172823166331074,0.027567112584559128,3,8.63735171233275,0.95621601194762,371,0.43826691085642483,0.8940401293808575,COMPLETE
13,0.6509209165546382,2026-05-31 21:26:20.283038,2026-05-31 21:26:25.992865,0 days 00:00:05.709827,0.6015884978557516,0.03970875198200255,5,8.79842562738294,0.9212831928626586,186,0.44237664265769555,0.8936063997662461,COMPLETE
14,0.6485068799508122,2026-05-31 21:26:25.992922,2026-05-31 21:26:32.183551,0 days 00:00:06.190629,0.64348359250801,0.04267243092574746,3,8.924159621716468,0.7097939893129923,250,0.4376151670569612,0.8943940892624536,COMPLETE
15,0.6557806861300888,2026-05-31 21:26:32.183607,2026-05-31 21:26:36.252237,0 days 00:00:04.068630,0.6623135172772743,0.04786619635787637,6,10.2576442942041,0.7030811622306712,108,0.44740404894007957,0.8920118019972407,COMPLETE
16,0.6514667557698722,2026-05-31 21:26:36.252292,2026-05-31 21:26:40.102190,0 days 00:00:03.849898,0.7603823878728176,0.048878685410736776,4,8.00365520697579,0.6162340032888043,129,0.43985125917125184,0.8934278891450784,COMPLETE
17,0.6681457473634502,2026-05-31 21:26:40.102249,2026-05-31 21:26:44.790493,0 days 00:00:04.688244,0.8412164821392807,0.07817397421291031,10,11.618717406720005,0.6741038957536337,60,0.4633867419593886,0.8879010698880808,COMPLETE
18,0.6558657604037736,2026-05-31 21:26:44.790550,2026-05-31 21:26:52.061742,0 days 00:00:07.271192,0.9281889012746768,0.021122596133771102,6,10.364162790499295,0.7263710110129423,243,0.4487854467345392,0.8919837816129239,COMPLETE
19,0.6493529833704167,2026-05-31 21:26:52.061799,2026-05-31 21:26:55.871150,0 days 00:00:03.809351,0.7406086632532848,0.054067292413996715,3,7.603027011475973,0.651129729713056,146,0.4379035862449323,0.8941183425757232,COMPLETE
20,0.6500851411887636,2026-05-31 21:26:55.871206,2026-05-31 21:27:01.310161,0 days 00:00:05.438955,0.824254627150687,0.03427705387425311,4,4.368686830297857,0.7850856852040495,211,0.44031519179085854,0.8938794408101209,COMPLETE
21,0.6487499558877361,2026-05-31 21:27:01.310222,2026-05-31 21:27:04.999924,0 days 00:00:03.689702,0.6871343214762989,0.05425694287130978,3,7.8859771730911525,0.6506753618791131,146,0.4383317636950823,0.8943149071676915,COMPLETE
22,0.6493764525472407,2026-05-31 21:27:04.999980,2026-05-31 21:27:08.636401,0 days 00:00:03.636421,0.6482279779456128,0.05669321795743567,3,9.653917150559574,0.645662031076128,146,0.4385676890526072,0.8941106888024742,COMPLETE
23,0.6517030288892873,2026-05-31 21:27:08.636472,2026-05-31 21:27:12.209786,0 days 00:00:03.573314,0.6891404984361571,0.04270598015807367,4,5.501352251287297,0.7023613438310309,137,0.44060060899065845,0.8933505722566911,COMPLETE
24,0.6540747606862454,2026-05-31 21:27:12.209844,2026-05-31 21:27:15.110588,0 days 00:00:02.900744,0.6456000027093999,0.0797255489197425,5,8.192352082749453,0.7442716788022227,77,0.4450652182166069,0.8925729048382879,COMPLETE
25,0.6492022783692433,2026-05-31 21:27:15.110648,2026-05-31 21:27:23.874412,0 days 00:00:08.763764,0.740583839114192,0.022669850559562707,3,5.57339220485045,0.6394633883963157,476,0.43879301032701995,0.8941674839334686,COMPLETE
26,0.6492332604169541,2026-05-31 21:27:23.874469,2026-05-31 21:27:27.173070,0 days 00:00:03.298601,0.6873064153189612,0.06189111517103297,4,9.573710225428464,0.6942796524890839,129,0.4386529968303895,0.8941573823475332,COMPLETE
27,0.64935567743242,2026-05-31 21:27:27.173127,2026-05-31 21:27:32.546448,0 days 00:00:05.373321,0.6305588352333809,0.0360486494500095,3,10.981815184683322,0.7539111472294818,250,0.43815455192121894,0.8941174640016684,COMPLETE
28,0.6554116426887003,2026-05-31 21:27:32.546509,2026-05-31 21:27:39.719185,0 days 00:00:07.172676,0.8069410260856268,0.016376131677888282,6,7.435451842817152,0.6011619406890704,295,0.44758337677021537,0.8921333094570513,COMPLETE
29,0.6512547604481553,2026-05-31 21:27:39.719257,2026-05-31 21:27:42.656427,0 days 00:00:02.937170,0.6613408545318069,0.0658827902158734,5,9.3827680299839,0.7249152603448406,86,0.4429167242729198,0.8934972376198563,COMPLETE
30,0.650399416182411,2026-05-31 21:27:42.656487,2026-05-31 21:27:46.152035,0 days 00:00:03.495548,0.7337219366496494,0.04541328067505507,4,5.694418358757367,0.6715007320144075,133,0.44032809642980664,0.8937768108697978,COMPLETE
31,0.6494114068648142,2026-05-31 21:27:46.152093,2026-05-31 21:27:52.259228,0 days 00:00:06.107135,0.7561459702558118,0.025622437841098744,3,5.762838419581836,0.638428639414606,331,0.4385621222181861,0.8940992889797296,COMPLETE
32,0.648871727349924,2026-05-31 21:27:52.259288,2026-05-31 21:27:57.507735,0 days 00:00:05.248447,0.6961324331494493,0.032922522821759684,3,4.947781965525852,0.6390410838734636,275,0.43806767191988333,0.894275228903437,COMPLETE
33,0.6501305684494297,2026-05-31 21:27:57.507797,2026-05-31 21:28:01.961645,0 days 00:00:04.453848,0.7057068656907579,0.03726554912238568,4,2.965347218238476,0.6617430662202877,190,0.44055658585754676,0.8938646091075211,COMPLETE
34,0.6492525364167672,2026-05-31 21:28:01.961706,2026-05-31 21:28:07.153441,0 days 00:00:05.191735,0.685633667847682,0.031186604538596476,3,7.283446631675278,0.6303265921940873,274,0.4383219452232195,0.8941510972334147,COMPLETE
35,0.6519103426440293,2026-05-31 21:28:07.153526,2026-05-31 21:28:10.498786,0 days 00:00:03.345260,0.6354722587443534,0.05499064709655909,5,4.831419082319459,0.6988584914458638,92,0.44332801293227253,0.8932827088004115,COMPLETE
36,0.6485992284454576,2026-05-31 21:28:10.498919,2026-05-31 21:28:30.331609,0 days 00:00:19.832690,0.6592769125514791,0.005458160113561791,4,8.453418341510899,0.7234360679686946,1216,0.4388822717721703,0.8943640101944481,COMPLETE
37,0.6486558905691084,2026-05-31 21:28:30.331666,2026-05-31 21:28:49.144319,0 days 00:00:18.812653,0.6142162894188385,0.005129451143341774,4,8.400117392712307,0.7799234995801009,1270,0.43910309016352067,0.894345552506849,COMPLETE
38,0.6488152734601227,2026-05-31 21:28:49.144377,2026-05-31 21:29:08.622051,0 days 00:00:19.477674,0.600708221724416,0.005175724987814934,4,10.94242378715772,0.7746548905288873,1333,0.43881841613862776,0.894293624881202,COMPLETE
39,0.6487990948457991,2026-05-31 21:29:08.622195,2026-05-31 21:29:21.411118,0 days 00:00:12.788923,0.6224046473397209,0.006846719967418421,4,8.983545580649423,0.7988788472303368,920,0.4388902856041622,0.8942988965245258,COMPLETE
40,0.6569319575964987,2026-05-31 21:29:21.411171,2026-05-31 21:29:36.785093,0 days 00:00:15.373922,0.6545618620045264,0.0059591135724453735,7,9.8656749583052,0.840063443783597,831,0.45121062119774635,0.8916323066462766,COMPLETE
41,0.648824081245973,2026-05-31 21:29:36.785148,2026-05-31 21:29:48.300818,0 days 00:00:11.515670,0.6735380286870271,0.009104057946142928,4,8.537815932446652,0.7275088149787395,796,0.43885755364557605,0.8942907548950205,COMPLETE
42,0.6489073006382953,2026-05-31 21:29:48.300865,2026-05-31 21:30:07.355829,0 days 00:00:19.054964,0.638475424096736,0.00506771632341911,3,8.059071349749358,0.7591874248484615,1603,0.43784812997722844,0.8942636362243103,COMPLETE
43,0.65186229933381,2026-05-31 21:30:07.355880,2026-05-31 21:30:15.958014,0 days 00:00:08.602134,0.7219125135234673,0.010228689565375763,5,9.196377992554526,0.8171237154998116,538,0.44295679005014,0.8932984375369245,COMPLETE
44,0.649583363899574,2026-05-31 21:30:15.958063,2026-05-31 21:30:23.483048,0 days 00:00:07.524985,0.6714107176085895,0.014661194371524978,3,7.004753648550853,0.7148881147901227,525,0.43861133990140505,0.8940431988556352,COMPLETE
45,0.6490481862949273,2026-05-31 21:30:23.483101,2026-05-31 21:30:37.841012,0 days 00:00:14.357911,0.6068338727677004,0.00665422935781844,4,8.347836190997413,0.7362124370179627,922,0.43888622833024293,0.8942177179424322,COMPLETE
46,0.6488736407873973,2026-05-31 21:30:37.841299,2026-05-31 21:30:51.815346,0 days 00:00:13.974047,0.6218866510438816,0.007801489307850004,3,7.736227593413169,0.8636003418214498,930,0.4380929821962345,0.8942746053655986,COMPLETE
47,0.650422169308376,2026-05-31 21:30:51.815410,2026-05-31 21:31:13.783755,0 days 00:00:21.968345,0.941970302157797,0.006094153760513636,4,6.223186322274085,0.6904408683843384,1060,0.4402315867391642,0.8937693786617782,COMPLETE
48,0.6645605454672863,2026-05-31 21:31:13.784101,2026-05-31 21:31:17.455463,0 days 00:00:03.671362,0.7052569654054731,0.07171701819644424,8,9.94305991772943,0.7661221713437147,59,0.4578247172937655,0.8891008650777871,COMPLETE
49,0.6528105174674135,2026-05-31 21:31:17.455522,2026-05-31 21:31:27.182932,0 days 00:00:09.727410,0.7798731663577261,0.01510747788311849,5,6.3739368493706365,0.6858788621595089,369,0.44437107700545014,0.8929877892801641,COMPLETE
